<?xml version="1.0" encoding="UTF-8"?>
<testng-results skipped="0" failed="0" total="1" passed="1">
  <reporter-output>
  </reporter-output>
  <suite name="Default suite" duration-ms="16005" started-at="2022-11-18T05:03:26Z" finished-at="2022-11-18T05:03:42Z">
    <groups>
    </groups>
    <test name="Default test" duration-ms="16005" started-at="2022-11-18T05:03:26Z" finished-at="2022-11-18T05:03:42Z">
      <class name="launchApp.pBank">
        <test-method status="PASS" signature="launchapp()[pri:0, instance:launchApp.pBank@6cc4c815]" name="launchapp" duration-ms="15990" started-at="2022-11-18T10:33:26Z" finished-at="2022-11-18T10:33:42Z">
          <reporter-output>
          </reporter-output>
        </test-method> <!-- launchapp -->
      </class> <!-- launchApp.pBank -->
    </test> <!-- Default test -->
  </suite> <!-- Default suite -->
</testng-results>
